<?xml version="1.0" encoding="UTF-8"?>
<testsuite xmlns:xsi="http://www.w3.org/2001/XMLSchema-instance" xsi:noNamespaceSchemaLocation="https://maven.apache.org/surefire/maven-surefire-plugin/xsd/surefire-test-report.xsd" name="ApplicationTest" time="0.284" tests="2" errors="0" skipped="0" failures="0">
  <properties>
[...]
</properties>
  <testcase name="/greeting/{name}" classname="groupId.myKtor.ApplicationTest" time="0.017"/>
  <testcase name="/greeting" classname="groupId.myKtor.ApplicationTest" time="0.018"/>
</testsuite>